<?xml version="1.0" encoding="UTF-8"?>
<testng-results ignored="0" total="1" passed="1" failed="0" skipped="0">
  <reporter-output>
  </reporter-output>
  <suite started-at="2022-08-02T13:47:40Z" name="Default suite" finished-at="2022-08-02T13:48:10Z" duration-ms="29832">
    <groups>
    </groups>
    <test started-at="2022-08-02T13:47:40Z" name="Default test" finished-at="2022-08-02T13:48:10Z" duration-ms="29832">
      <class name="com.test.actitime.LoginLogout">
        <test-method is-config="true" signature="setup()[pri:0, instance:com.test.actitime.LoginLogout@69c81773]" started-at="2022-08-02T13:47:40Z" name="setup" finished-at="2022-08-02T13:47:55Z" duration-ms="15318" status="PASS">
          <reporter-output>
          </reporter-output>
        </test-method> <!-- setup -->
        <test-method is-config="true" signature="logintoapp()[pri:0, instance:com.test.actitime.LoginLogout@69c81773]" started-at="2022-08-02T13:47:55Z" name="logintoapp" finished-at="2022-08-02T13:48:05Z" duration-ms="9492" status="PASS">
          <reporter-output>
          </reporter-output>
        </test-method> <!-- logintoapp -->
        <test-method signature="login()[pri:0, instance:com.test.actitime.LoginLogout@69c81773]" started-at="2022-08-02T13:48:05Z" name="login" finished-at="2022-08-02T13:48:05Z" duration-ms="16" status="PASS">
          <reporter-output>
          </reporter-output>
        </test-method> <!-- login -->
        <test-method is-config="true" signature="logout()[pri:0, instance:com.test.actitime.LoginLogout@69c81773]" started-at="2022-08-02T13:48:05Z" name="logout" finished-at="2022-08-02T13:48:09Z" duration-ms="4645" status="PASS">
          <reporter-output>
          </reporter-output>
        </test-method> <!-- logout -->
        <test-method is-config="true" signature="tearDown()[pri:0, instance:com.test.actitime.LoginLogout@69c81773]" started-at="2022-08-02T13:48:09Z" name="tearDown" finished-at="2022-08-02T13:48:10Z" duration-ms="339" status="PASS">
          <reporter-output>
          </reporter-output>
        </test-method> <!-- tearDown -->
      </class> <!-- com.test.actitime.LoginLogout -->
    </test> <!-- Default test -->
  </suite> <!-- Default suite -->
</testng-results>
